{"/Users/alainsn/Documents/react-devtalles/03-gifs-app/src/GifsApp.tsx": {"path":"/Users/alainsn/Documents/react-devtalles/03-gifs-app/src/GifsApp.tsx","all":false,"statementMap":{"1":{"start":{"line":2,"column":0},"end":{"line":2,"column":51}},"2":{"start":{"line":3,"column":0},"end":{"line":3,"column":69}},"3":{"start":{"line":4,"column":0},"end":{"line":4,"column":63}},"4":{"start":{"line":5,"column":0},"end":{"line":5,"column":57}},"5":{"start":{"line":6,"column":0},"end":{"line":6,"column":46}},"8":{"start":{"line":9,"column":0},"end":{"line":9,"column":30}},"10":{"start":{"line":11,"column":0},"end":{"line":11,"column":85}},"12":{"start":{"line":13,"column":0},"end":{"line":13,"column":12}},"13":{"start":{"line":14,"column":0},"end":{"line":14,"column":10}},"14":{"start":{"line":15,"column":0},"end":{"line":15,"column":26}},"15":{"start":{"line":16,"column":0},"end":{"line":16,"column":40}},"16":{"start":{"line":17,"column":0},"end":{"line":17,"column":56}},"19":{"start":{"line":20,"column":0},"end":{"line":20,"column":23}},"20":{"start":{"line":21,"column":0},"end":{"line":21,"column":44}},"21":{"start":{"line":22,"column":0},"end":{"line":22,"column":38}},"24":{"start":{"line":25,"column":0},"end":{"line":25,"column":30}},"25":{"start":{"line":26,"column":0},"end":{"line":26,"column":40}},"26":{"start":{"line":27,"column":0},"end":{"line":27,"column":50}},"29":{"start":{"line":30,"column":0},"end":{"line":30,"column":21}},"30":{"start":{"line":31,"column":0},"end":{"line":31,"column":35}},"35":{"start":{"line":36,"column":0},"end":{"line":36,"column":1}}},"s":{"1":1,"2":1,"3":1,"4":1,"5":1,"8":1,"10":1,"12":1,"13":1,"14":1,"15":1,"16":1,"19":1,"20":1,"21":1,"24":1,"25":1,"26":1,"29":1,"30":1,"35":1},"branchMap":{"0":{"type":"branch","line":9,"loc":{"start":{"line":9,"column":23},"end":{"line":36,"column":1}},"locations":[{"start":{"line":9,"column":23},"end":{"line":36,"column":1}}]}},"b":{"0":[1]},"fnMap":{"0":{"name":"GifsApp","decl":{"start":{"line":9,"column":23},"end":{"line":36,"column":1}},"loc":{"start":{"line":9,"column":23},"end":{"line":36,"column":1}},"line":9}},"f":{"0":1}}
,"/Users/alainsn/Documents/react-devtalles/03-gifs-app/src/main.tsx": {"path":"/Users/alainsn/Documents/react-devtalles/03-gifs-app/src/main.tsx","all":true,"statementMap":{"0":{"start":{"line":1,"column":0},"end":{"line":1,"column":34}},"1":{"start":{"line":2,"column":0},"end":{"line":2,"column":45}},"2":{"start":{"line":3,"column":0},"end":{"line":3,"column":20}},"3":{"start":{"line":4,"column":0},"end":{"line":4,"column":35}},"5":{"start":{"line":6,"column":0},"end":{"line":6,"column":52}},"6":{"start":{"line":7,"column":0},"end":{"line":7,"column":14}},"7":{"start":{"line":8,"column":0},"end":{"line":8,"column":15}}},"s":{"0":0,"1":0,"2":0,"3":0,"5":0,"6":0,"7":0},"branchMap":{"0":{"type":"branch","line":1,"loc":{"start":{"line":1,"column":241},"end":{"line":10,"column":1}},"locations":[{"start":{"line":1,"column":241},"end":{"line":10,"column":1}}]}},"b":{"0":[0]},"fnMap":{"0":{"name":"(empty-report)","decl":{"start":{"line":1,"column":241},"end":{"line":10,"column":1}},"loc":{"start":{"line":1,"column":241},"end":{"line":10,"column":1}},"line":1}},"f":{"0":0}}
,"/Users/alainsn/Documents/react-devtalles/03-gifs-app/src/gifs/actions/get-gifs-by-query.actions.ts": {"path":"/Users/alainsn/Documents/react-devtalles/03-gifs-app/src/gifs/actions/get-gifs-by-query.actions.ts","all":false,"statementMap":{"3":{"start":{"line":4,"column":0},"end":{"line":4,"column":44}},"5":{"start":{"line":6,"column":0},"end":{"line":6,"column":71}},"6":{"start":{"line":7,"column":0},"end":{"line":7,"column":109}},"8":{"start":{"line":9,"column":0},"end":{"line":9,"column":34}},"9":{"start":{"line":10,"column":0},"end":{"line":10,"column":14}},"10":{"start":{"line":11,"column":0},"end":{"line":11,"column":3}},"12":{"start":{"line":13,"column":0},"end":{"line":13,"column":7}},"13":{"start":{"line":14,"column":0},"end":{"line":14,"column":63}},"14":{"start":{"line":15,"column":0},"end":{"line":15,"column":15}},"15":{"start":{"line":16,"column":0},"end":{"line":16,"column":17}},"16":{"start":{"line":17,"column":0},"end":{"line":17,"column":18}},"17":{"start":{"line":18,"column":0},"end":{"line":18,"column":8}},"18":{"start":{"line":19,"column":0},"end":{"line":19,"column":7}},"20":{"start":{"line":21,"column":0},"end":{"line":21,"column":45}},"21":{"start":{"line":22,"column":0},"end":{"line":22,"column":17}},"22":{"start":{"line":23,"column":0},"end":{"line":23,"column":23}},"23":{"start":{"line":24,"column":0},"end":{"line":24,"column":35}},"24":{"start":{"line":25,"column":0},"end":{"line":25,"column":47}},"25":{"start":{"line":26,"column":0},"end":{"line":26,"column":49}},"26":{"start":{"line":27,"column":0},"end":{"line":27,"column":8}},"27":{"start":{"line":28,"column":0},"end":{"line":28,"column":19}},"28":{"start":{"line":29,"column":0},"end":{"line":29,"column":25}},"29":{"start":{"line":30,"column":0},"end":{"line":30,"column":14}},"30":{"start":{"line":31,"column":0},"end":{"line":31,"column":3}},"31":{"start":{"line":32,"column":0},"end":{"line":32,"column":2}}},"s":{"3":1,"5":1,"6":14,"8":14,"9":1,"10":1,"12":13,"13":13,"14":13,"15":13,"16":13,"17":13,"18":13,"20":12,"21":30,"22":30,"23":30,"24":30,"25":30,"26":30,"27":12,"28":1,"29":1,"30":1,"31":14},"branchMap":{"0":{"type":"branch","line":6,"loc":{"start":{"line":6,"column":29},"end":{"line":32,"column":2}},"locations":[{"start":{"line":6,"column":29},"end":{"line":32,"column":2}}]},"1":{"type":"branch","line":9,"loc":{"start":{"line":9,"column":33},"end":{"line":11,"column":3}},"locations":[{"start":{"line":9,"column":33},"end":{"line":11,"column":3}}]},"2":{"type":"branch","line":11,"loc":{"start":{"line":11,"column":2},"end":{"line":19,"column":7}},"locations":[{"start":{"line":11,"column":2},"end":{"line":19,"column":7}}]},"3":{"type":"branch","line":19,"loc":{"start":{"line":19,"column":4},"end":{"line":31,"column":3}},"locations":[{"start":{"line":19,"column":4},"end":{"line":31,"column":3}}]},"4":{"type":"branch","line":28,"loc":{"start":{"line":28,"column":4},"end":{"line":31,"column":3}},"locations":[{"start":{"line":28,"column":4},"end":{"line":31,"column":3}}]},"5":{"type":"branch","line":21,"loc":{"start":{"line":21,"column":34},"end":{"line":27,"column":8}},"locations":[{"start":{"line":21,"column":34},"end":{"line":27,"column":8}}]}},"b":{"0":[14],"1":[1],"2":[13],"3":[12],"4":[1],"5":[30]},"fnMap":{"0":{"name":"getGifByQuery","decl":{"start":{"line":6,"column":29},"end":{"line":32,"column":2}},"loc":{"start":{"line":6,"column":29},"end":{"line":32,"column":2}},"line":6}},"f":{"0":14}}
,"/Users/alainsn/Documents/react-devtalles/03-gifs-app/src/gifs/api/giphy.api.ts": {"path":"/Users/alainsn/Documents/react-devtalles/03-gifs-app/src/gifs/api/giphy.api.ts","all":false,"statementMap":{"0":{"start":{"line":1,"column":0},"end":{"line":1,"column":26}},"3":{"start":{"line":4,"column":0},"end":{"line":4,"column":38}},"4":{"start":{"line":5,"column":0},"end":{"line":5,"column":45}},"5":{"start":{"line":6,"column":0},"end":{"line":6,"column":13}},"6":{"start":{"line":7,"column":0},"end":{"line":7,"column":19}},"7":{"start":{"line":8,"column":0},"end":{"line":8,"column":51}},"8":{"start":{"line":9,"column":0},"end":{"line":9,"column":5}},"9":{"start":{"line":10,"column":0},"end":{"line":10,"column":2}}},"s":{"0":1,"3":1,"4":1,"5":1,"6":1,"7":1,"8":1,"9":1},"branchMap":{},"b":{},"fnMap":{},"f":{}}
,"/Users/alainsn/Documents/react-devtalles/03-gifs-app/src/gifs/components/GifList.tsx": {"path":"/Users/alainsn/Documents/react-devtalles/03-gifs-app/src/gifs/components/GifList.tsx","all":false,"statementMap":{"8":{"start":{"line":9,"column":0},"end":{"line":9,"column":45}},"9":{"start":{"line":10,"column":0},"end":{"line":10,"column":12}},"10":{"start":{"line":11,"column":0},"end":{"line":11,"column":40}},"12":{"start":{"line":13,"column":0},"end":{"line":13,"column":36}},"13":{"start":{"line":14,"column":0},"end":{"line":14,"column":59}},"14":{"start":{"line":15,"column":0},"end":{"line":15,"column":61}},"15":{"start":{"line":16,"column":0},"end":{"line":16,"column":44}},"16":{"start":{"line":17,"column":0},"end":{"line":17,"column":27}},"17":{"start":{"line":18,"column":0},"end":{"line":18,"column":62}},"24":{"start":{"line":25,"column":0},"end":{"line":25,"column":1}}},"s":{"8":1,"9":1,"10":1,"12":1,"13":1,"14":1,"15":1,"16":1,"17":1,"24":1},"branchMap":{"0":{"type":"branch","line":9,"loc":{"start":{"line":9,"column":23},"end":{"line":25,"column":1}},"locations":[{"start":{"line":9,"column":23},"end":{"line":25,"column":1}}]}},"b":{"0":[1]},"fnMap":{"0":{"name":"GifList","decl":{"start":{"line":9,"column":23},"end":{"line":25,"column":1}},"loc":{"start":{"line":9,"column":23},"end":{"line":25,"column":1}},"line":9}},"f":{"0":1}}
,"/Users/alainsn/Documents/react-devtalles/03-gifs-app/src/gifs/components/PreviousSearches.tsx": {"path":"/Users/alainsn/Documents/react-devtalles/03-gifs-app/src/gifs/components/PreviousSearches.tsx","all":false,"statementMap":{"8":{"start":{"line":9,"column":0},"end":{"line":9,"column":78}},"9":{"start":{"line":10,"column":0},"end":{"line":10,"column":12}},"10":{"start":{"line":11,"column":0},"end":{"line":11,"column":43}},"11":{"start":{"line":12,"column":0},"end":{"line":12,"column":38}},"12":{"start":{"line":13,"column":0},"end":{"line":13,"column":51}},"14":{"start":{"line":15,"column":0},"end":{"line":15,"column":42}},"15":{"start":{"line":16,"column":0},"end":{"line":16,"column":38}},"16":{"start":{"line":17,"column":0},"end":{"line":17,"column":64}},"18":{"start":{"line":19,"column":0},"end":{"line":19,"column":36}},"25":{"start":{"line":26,"column":0},"end":{"line":26,"column":1}}},"s":{"8":1,"9":1,"10":1,"11":1,"12":1,"14":1,"15":1,"16":1,"18":1,"25":1},"branchMap":{"0":{"type":"branch","line":9,"loc":{"start":{"line":9,"column":43},"end":{"line":26,"column":1}},"locations":[{"start":{"line":9,"column":43},"end":{"line":26,"column":1}}]}},"b":{"0":[1]},"fnMap":{"0":{"name":"PreviousSearches","decl":{"start":{"line":9,"column":43},"end":{"line":26,"column":1}},"loc":{"start":{"line":9,"column":43},"end":{"line":26,"column":1}},"line":9}},"f":{"0":1}}
,"/Users/alainsn/Documents/react-devtalles/03-gifs-app/src/gifs/hooks/useGifs.tsx": {"path":"/Users/alainsn/Documents/react-devtalles/03-gifs-app/src/gifs/hooks/useGifs.tsx","all":false,"statementMap":{"1":{"start":{"line":2,"column":0},"end":{"line":2,"column":40}},"3":{"start":{"line":4,"column":0},"end":{"line":4,"column":68}},"6":{"start":{"line":7,"column":0},"end":{"line":7,"column":30}},"8":{"start":{"line":9,"column":0},"end":{"line":9,"column":68}},"9":{"start":{"line":10,"column":0},"end":{"line":10,"column":63}},"11":{"start":{"line":12,"column":0},"end":{"line":12,"column":55}},"13":{"start":{"line":14,"column":0},"end":{"line":14,"column":54}},"14":{"start":{"line":15,"column":0},"end":{"line":15,"column":38}},"15":{"start":{"line":16,"column":0},"end":{"line":16,"column":52}},"16":{"start":{"line":17,"column":0},"end":{"line":17,"column":19}},"17":{"start":{"line":18,"column":0},"end":{"line":18,"column":9}},"19":{"start":{"line":20,"column":0},"end":{"line":20,"column":46}},"20":{"start":{"line":21,"column":0},"end":{"line":21,"column":29}},"21":{"start":{"line":22,"column":0},"end":{"line":22,"column":38}},"23":{"start":{"line":24,"column":0},"end":{"line":24,"column":5}},"25":{"start":{"line":26,"column":0},"end":{"line":26,"column":50}},"26":{"start":{"line":27,"column":0},"end":{"line":27,"column":50}},"27":{"start":{"line":28,"column":0},"end":{"line":28,"column":18}},"28":{"start":{"line":29,"column":0},"end":{"line":29,"column":9}},"30":{"start":{"line":31,"column":0},"end":{"line":31,"column":50}},"32":{"start":{"line":33,"column":0},"end":{"line":33,"column":59}},"34":{"start":{"line":35,"column":0},"end":{"line":35,"column":73}},"36":{"start":{"line":37,"column":0},"end":{"line":37,"column":47}},"37":{"start":{"line":38,"column":0},"end":{"line":38,"column":29}},"39":{"start":{"line":40,"column":0},"end":{"line":40,"column":39}},"40":{"start":{"line":41,"column":0},"end":{"line":41,"column":5}},"42":{"start":{"line":43,"column":0},"end":{"line":43,"column":12}},"43":{"start":{"line":44,"column":0},"end":{"line":44,"column":22}},"44":{"start":{"line":45,"column":0},"end":{"line":45,"column":21}},"46":{"start":{"line":47,"column":0},"end":{"line":47,"column":26}},"47":{"start":{"line":48,"column":0},"end":{"line":48,"column":20}},"48":{"start":{"line":49,"column":0},"end":{"line":49,"column":5}},"49":{"start":{"line":50,"column":0},"end":{"line":50,"column":1}}},"s":{"1":1,"3":1,"6":1,"8":16,"9":16,"11":16,"13":16,"14":1,"15":0,"16":0,"17":0,"19":1,"20":1,"21":1,"23":1,"25":16,"26":10,"27":0,"28":0,"30":10,"32":10,"34":10,"36":10,"37":10,"39":10,"40":10,"42":16,"43":16,"44":16,"46":16,"47":16,"48":16,"49":16},"branchMap":{"0":{"type":"branch","line":7,"loc":{"start":{"line":7,"column":23},"end":{"line":50,"column":1}},"locations":[{"start":{"line":7,"column":23},"end":{"line":50,"column":1}}]},"1":{"type":"branch","line":14,"loc":{"start":{"line":14,"column":30},"end":{"line":24,"column":5}},"locations":[{"start":{"line":14,"column":30},"end":{"line":24,"column":5}}]},"2":{"type":"branch","line":15,"loc":{"start":{"line":15,"column":37},"end":{"line":18,"column":9}},"locations":[{"start":{"line":15,"column":37},"end":{"line":18,"column":9}}]},"3":{"type":"branch","line":26,"loc":{"start":{"line":26,"column":25},"end":{"line":41,"column":5}},"locations":[{"start":{"line":26,"column":25},"end":{"line":41,"column":5}}]},"4":{"type":"branch","line":27,"loc":{"start":{"line":27,"column":49},"end":{"line":29,"column":9}},"locations":[{"start":{"line":27,"column":49},"end":{"line":29,"column":9}}]},"5":{"type":"branch","line":33,"loc":{"start":{"line":33,"column":52},"end":{"line":33,"column":59}},"locations":[{"start":{"line":33,"column":52},"end":{"line":33,"column":59}}]},"6":{"type":"branch","line":35,"loc":{"start":{"line":35,"column":25},"end":{"line":35,"column":73}},"locations":[{"start":{"line":35,"column":25},"end":{"line":35,"column":73}}]}},"b":{"0":[16],"1":[1],"2":[0],"3":[10],"4":[0],"5":[0],"6":[10]},"fnMap":{"0":{"name":"useGifs","decl":{"start":{"line":7,"column":23},"end":{"line":50,"column":1}},"loc":{"start":{"line":7,"column":23},"end":{"line":50,"column":1}},"line":7},"1":{"name":"handleTermClicked","decl":{"start":{"line":14,"column":30},"end":{"line":24,"column":5}},"loc":{"start":{"line":14,"column":30},"end":{"line":24,"column":5}},"line":14},"2":{"name":"handleSearch","decl":{"start":{"line":26,"column":25},"end":{"line":41,"column":5}},"loc":{"start":{"line":26,"column":25},"end":{"line":41,"column":5}},"line":26}},"f":{"0":16,"1":1,"2":10}}
,"/Users/alainsn/Documents/react-devtalles/03-gifs-app/src/gifs/interface/gif.interface.ts": {"path":"/Users/alainsn/Documents/react-devtalles/03-gifs-app/src/gifs/interface/gif.interface.ts","all":true,"statementMap":{},"s":{},"branchMap":{"0":{"type":"branch","line":1,"loc":{"start":{"line":1,"column":107},"end":{"line":9,"column":1}},"locations":[{"start":{"line":1,"column":107},"end":{"line":9,"column":1}}]}},"b":{"0":[1]},"fnMap":{"0":{"name":"(empty-report)","decl":{"start":{"line":1,"column":107},"end":{"line":9,"column":1}},"loc":{"start":{"line":1,"column":107},"end":{"line":9,"column":1}},"line":1}},"f":{"0":1}}
,"/Users/alainsn/Documents/react-devtalles/03-gifs-app/src/gifs/interface/giphy.response.ts": {"path":"/Users/alainsn/Documents/react-devtalles/03-gifs-app/src/gifs/interface/giphy.response.ts","all":true,"statementMap":{},"s":{},"branchMap":{"0":{"type":"branch","line":1,"loc":{"start":{"line":1,"column":3169},"end":{"line":120,"column":1}},"locations":[{"start":{"line":1,"column":3169},"end":{"line":120,"column":1}}]}},"b":{"0":[1]},"fnMap":{"0":{"name":"(empty-report)","decl":{"start":{"line":1,"column":3169},"end":{"line":120,"column":1}},"loc":{"start":{"line":1,"column":3169},"end":{"line":120,"column":1}},"line":1}},"f":{"0":1}}
,"/Users/alainsn/Documents/react-devtalles/03-gifs-app/src/mock-data/gifs.mock.ts": {"path":"/Users/alainsn/Documents/react-devtalles/03-gifs-app/src/mock-data/gifs.mock.ts","all":true,"statementMap":{"2":{"start":{"line":3,"column":0},"end":{"line":3,"column":32}},"3":{"start":{"line":4,"column":0},"end":{"line":4,"column":3}},"4":{"start":{"line":5,"column":0},"end":{"line":5,"column":12}},"5":{"start":{"line":6,"column":0},"end":{"line":6,"column":29}},"6":{"start":{"line":7,"column":0},"end":{"line":7,"column":185}},"7":{"start":{"line":8,"column":0},"end":{"line":8,"column":15}},"8":{"start":{"line":9,"column":0},"end":{"line":9,"column":16}},"9":{"start":{"line":10,"column":0},"end":{"line":10,"column":4}},"10":{"start":{"line":11,"column":0},"end":{"line":11,"column":3}},"11":{"start":{"line":12,"column":0},"end":{"line":12,"column":12}},"12":{"start":{"line":13,"column":0},"end":{"line":13,"column":23}},"13":{"start":{"line":14,"column":0},"end":{"line":14,"column":70}},"14":{"start":{"line":15,"column":0},"end":{"line":15,"column":15}},"15":{"start":{"line":16,"column":0},"end":{"line":16,"column":16}},"16":{"start":{"line":17,"column":0},"end":{"line":17,"column":4}},"17":{"start":{"line":18,"column":0},"end":{"line":18,"column":3}},"18":{"start":{"line":19,"column":0},"end":{"line":19,"column":12}},"19":{"start":{"line":20,"column":0},"end":{"line":20,"column":25}},"20":{"start":{"line":21,"column":0},"end":{"line":21,"column":185}},"21":{"start":{"line":22,"column":0},"end":{"line":22,"column":15}},"22":{"start":{"line":23,"column":0},"end":{"line":23,"column":16}},"23":{"start":{"line":24,"column":0},"end":{"line":24,"column":4}},"24":{"start":{"line":25,"column":0},"end":{"line":25,"column":3}},"25":{"start":{"line":26,"column":0},"end":{"line":26,"column":12}},"26":{"start":{"line":27,"column":0},"end":{"line":27,"column":23}},"27":{"start":{"line":28,"column":0},"end":{"line":28,"column":70}},"28":{"start":{"line":29,"column":0},"end":{"line":29,"column":15}},"29":{"start":{"line":30,"column":0},"end":{"line":30,"column":16}},"30":{"start":{"line":31,"column":0},"end":{"line":31,"column":4}},"31":{"start":{"line":32,"column":0},"end":{"line":32,"column":3}},"32":{"start":{"line":33,"column":0},"end":{"line":33,"column":12}},"33":{"start":{"line":34,"column":0},"end":{"line":34,"column":30}},"34":{"start":{"line":35,"column":0},"end":{"line":35,"column":185}},"35":{"start":{"line":36,"column":0},"end":{"line":36,"column":15}},"36":{"start":{"line":37,"column":0},"end":{"line":37,"column":16}},"37":{"start":{"line":38,"column":0},"end":{"line":38,"column":4}},"38":{"start":{"line":39,"column":0},"end":{"line":39,"column":3}},"39":{"start":{"line":40,"column":0},"end":{"line":40,"column":12}},"40":{"start":{"line":41,"column":0},"end":{"line":41,"column":31}},"41":{"start":{"line":42,"column":0},"end":{"line":42,"column":185}},"42":{"start":{"line":43,"column":0},"end":{"line":43,"column":15}},"43":{"start":{"line":44,"column":0},"end":{"line":44,"column":16}},"44":{"start":{"line":45,"column":0},"end":{"line":45,"column":4}},"45":{"start":{"line":46,"column":0},"end":{"line":46,"column":2}}},"s":{"2":0,"3":0,"4":0,"5":0,"6":0,"7":0,"8":0,"9":0,"10":0,"11":0,"12":0,"13":0,"14":0,"15":0,"16":0,"17":0,"18":0,"19":0,"20":0,"21":0,"22":0,"23":0,"24":0,"25":0,"26":0,"27":0,"28":0,"29":0,"30":0,"31":0,"32":0,"33":0,"34":0,"35":0,"36":0,"37":0,"38":0,"39":0,"40":0,"41":0,"42":0,"43":0,"44":0,"45":0},"branchMap":{"0":{"type":"branch","line":1,"loc":{"start":{"line":1,"column":1479},"end":{"line":46,"column":2}},"locations":[{"start":{"line":1,"column":1479},"end":{"line":46,"column":2}}]}},"b":{"0":[1]},"fnMap":{"0":{"name":"(empty-report)","decl":{"start":{"line":1,"column":1479},"end":{"line":46,"column":2}},"loc":{"start":{"line":1,"column":1479},"end":{"line":46,"column":2}},"line":1}},"f":{"0":1}}
,"/Users/alainsn/Documents/react-devtalles/03-gifs-app/src/shared/components/CustomHeader.tsx": {"path":"/Users/alainsn/Documents/react-devtalles/03-gifs-app/src/shared/components/CustomHeader.tsx","all":false,"statementMap":{"7":{"start":{"line":8,"column":0},"end":{"line":8,"column":63}},"8":{"start":{"line":9,"column":0},"end":{"line":9,"column":10}},"9":{"start":{"line":10,"column":0},"end":{"line":10,"column":6}},"11":{"start":{"line":12,"column":0},"end":{"line":12,"column":40}},"12":{"start":{"line":13,"column":0},"end":{"line":13,"column":30}},"14":{"start":{"line":15,"column":0},"end":{"line":15,"column":32}},"16":{"start":{"line":17,"column":0},"end":{"line":17,"column":42}},"22":{"start":{"line":23,"column":0},"end":{"line":23,"column":1}}},"s":{"7":1,"8":4,"9":4,"11":4,"12":4,"14":4,"16":4,"22":4},"branchMap":{"0":{"type":"branch","line":8,"loc":{"start":{"line":8,"column":28},"end":{"line":23,"column":1}},"locations":[{"start":{"line":8,"column":28},"end":{"line":23,"column":1}}]}},"b":{"0":[4]},"fnMap":{"0":{"name":"CustomHeader","decl":{"start":{"line":8,"column":28},"end":{"line":23,"column":1}},"loc":{"start":{"line":8,"column":28},"end":{"line":23,"column":1}},"line":8}},"f":{"0":4}}
,"/Users/alainsn/Documents/react-devtalles/03-gifs-app/src/shared/components/SearchBar.tsx": {"path":"/Users/alainsn/Documents/react-devtalles/03-gifs-app/src/shared/components/SearchBar.tsx","all":false,"statementMap":{"0":{"start":{"line":1,"column":0},"end":{"line":1,"column":44}},"9":{"start":{"line":10,"column":0},"end":{"line":10,"column":72}},"11":{"start":{"line":12,"column":0},"end":{"line":12,"column":42}},"13":{"start":{"line":14,"column":0},"end":{"line":14,"column":21}},"14":{"start":{"line":15,"column":0},"end":{"line":15,"column":44}},"15":{"start":{"line":16,"column":0},"end":{"line":16,"column":38}},"16":{"start":{"line":17,"column":0},"end":{"line":17,"column":16}},"18":{"start":{"line":19,"column":0},"end":{"line":19,"column":22}},"19":{"start":{"line":20,"column":0},"end":{"line":20,"column":35}},"20":{"start":{"line":21,"column":0},"end":{"line":21,"column":9}},"21":{"start":{"line":22,"column":0},"end":{"line":22,"column":24}},"24":{"start":{"line":25,"column":0},"end":{"line":25,"column":32}},"25":{"start":{"line":26,"column":0},"end":{"line":26,"column":22}},"26":{"start":{"line":27,"column":0},"end":{"line":27,"column":23}},"27":{"start":{"line":28,"column":0},"end":{"line":28,"column":5}},"28":{"start":{"line":29,"column":0},"end":{"line":29,"column":77}},"29":{"start":{"line":30,"column":0},"end":{"line":30,"column":36}},"30":{"start":{"line":31,"column":0},"end":{"line":31,"column":26}},"31":{"start":{"line":32,"column":0},"end":{"line":32,"column":9}},"32":{"start":{"line":33,"column":0},"end":{"line":33,"column":5}},"35":{"start":{"line":36,"column":0},"end":{"line":36,"column":12}},"36":{"start":{"line":37,"column":0},"end":{"line":37,"column":42}},"38":{"start":{"line":39,"column":0},"end":{"line":39,"column":19}},"39":{"start":{"line":40,"column":0},"end":{"line":40,"column":28}},"40":{"start":{"line":41,"column":0},"end":{"line":41,"column":42}},"41":{"start":{"line":42,"column":0},"end":{"line":42,"column":29}},"42":{"start":{"line":43,"column":0},"end":{"line":43,"column":66}},"43":{"start":{"line":44,"column":0},"end":{"line":44,"column":41}},"45":{"start":{"line":46,"column":0},"end":{"line":46,"column":19}},"46":{"start":{"line":47,"column":0},"end":{"line":47,"column":38}},"47":{"start":{"line":48,"column":0},"end":{"line":48,"column":28}},"50":{"start":{"line":51,"column":0},"end":{"line":51,"column":1}}},"s":{"0":1,"9":1,"11":12,"13":12,"14":12,"15":2,"16":12,"18":12,"19":12,"20":12,"21":12,"24":12,"25":1,"26":1,"27":1,"28":12,"29":0,"30":0,"31":0,"32":0,"35":12,"36":12,"38":12,"39":12,"40":12,"41":12,"42":12,"43":12,"45":12,"46":12,"47":12,"50":12},"branchMap":{"0":{"type":"branch","line":10,"loc":{"start":{"line":10,"column":25},"end":{"line":51,"column":1}},"locations":[{"start":{"line":10,"column":25},"end":{"line":51,"column":1}}]},"1":{"type":"branch","line":14,"loc":{"start":{"line":14,"column":14},"end":{"line":22,"column":7}},"locations":[{"start":{"line":14,"column":14},"end":{"line":22,"column":7}}]},"2":{"type":"branch","line":15,"loc":{"start":{"line":15,"column":37},"end":{"line":17,"column":11}},"locations":[{"start":{"line":15,"column":37},"end":{"line":17,"column":11}}]},"3":{"type":"branch","line":19,"loc":{"start":{"line":19,"column":15},"end":{"line":21,"column":9}},"locations":[{"start":{"line":19,"column":15},"end":{"line":21,"column":9}}]},"4":{"type":"branch","line":25,"loc":{"start":{"line":25,"column":25},"end":{"line":28,"column":5}},"locations":[{"start":{"line":25,"column":25},"end":{"line":28,"column":5}}]},"5":{"type":"branch","line":43,"loc":{"start":{"line":43,"column":26},"end":{"line":43,"column":66}},"locations":[{"start":{"line":43,"column":26},"end":{"line":43,"column":66}}]}},"b":{"0":[12],"1":[12],"2":[2],"3":[12],"4":[1],"5":[6]},"fnMap":{"0":{"name":"SearchBar","decl":{"start":{"line":10,"column":25},"end":{"line":51,"column":1}},"loc":{"start":{"line":10,"column":25},"end":{"line":51,"column":1}},"line":10},"1":{"name":"handleSearch","decl":{"start":{"line":25,"column":25},"end":{"line":28,"column":5}},"loc":{"start":{"line":25,"column":25},"end":{"line":28,"column":5}},"line":25},"2":{"name":"handleKeyDown","decl":{"start":{"line":29,"column":26},"end":{"line":33,"column":5}},"loc":{"start":{"line":29,"column":26},"end":{"line":33,"column":5}},"line":29},"3":{"name":"onChange","decl":{"start":{"line":43,"column":26},"end":{"line":43,"column":66}},"loc":{"start":{"line":43,"column":26},"end":{"line":43,"column":66}},"line":43}},"f":{"0":12,"1":1,"2":0,"3":6}}
}
